Determining if the pthread_create exist failed with the following output:
Change Dir: /home/ros/EE5900_Repos/EE5900-Proj1-Group4/djchopp/Tutorial/catkin_ws/build/CMakeFiles/CMakeTmp

Run Build Command:/usr/bin/make "cmTryCompileExec605082634/fast"
/usr/bin/make -f CMakeFiles/cmTryCompileExec605082634.dir/build.make CMakeFiles/cmTryCompileExec605082634.dir/build
make[1]: Entering directory `/home/ros/EE5900_Repos/EE5900-Proj1-Group4/djchopp/Tutorial/catkin_ws/build/CMakeFiles/CMakeTmp'
/usr/bin/cmake -E cmake_progress_report /home/ros/EE5900_Repos/EE5900-Proj1-Group4/djchopp/Tutorial/catkin_ws/build/CMakeFiles/CMakeTmp/CMakeFiles 1
Building C object CMakeFiles/cmTryCompileExec605082634.dir/CheckSymbolExists.c.o
/usr/bin/cc    -o CMakeFiles/cmTryCompileExec605082634.dir/CheckSymbolExists.c.o   -c /home/ros/EE5900_Repos/EE5900-Proj1-Group4/djchopp/Tutorial/catkin_ws/build/CMakeFiles/CMakeTmp/CheckSymbolExists.c
Linking C executable cmTryCompileExec605082634
/usr/bin/cmake -E cmake_link_script CMakeFiles/cmTryCompileExec605082634.dir/link.txt --verbose=1
/usr/bin/cc       CMakeFiles/cmTryCompileExec605082634.dir/CheckSymbolExists.c.o  -o cmTryCompileExec605082634 -rdynamic 
CMakeFiles/cmTryCompileExec605082634.dir/CheckSymbolExists.c.o: In function `main':
CheckSymbolExists.c:(.text+0xa): undefined reference to `pthread_create'
collect2: error: ld returned 1 exit status
make[1]: *** [cmTryCompileExec605082634] Error 1
make[1]: Leaving directory `/home/ros/EE5900_Repos/EE5900-Proj1-Group4/djchopp/Tutorial/catkin_ws/build/CMakeFiles/CMakeTmp'
make: *** [cmTryCompileExec605082634/fast] Error 2

File /home/ros/EE5900_Repos/EE5900-Proj1-Group4/djchopp/Tutorial/catkin_ws/build/CMakeFiles/CMakeTmp/CheckSymbolExists.c:
/* */
#include <pthread.h>

int main(int argc, char** argv)
{
  (void)argv;
#ifndef pthread_create
  return ((int*)(&pthread_create))[argc];
#else
  (void)argc;
  return 0;
#endif
}

Determining if the function pthread_create exists in the pthreads failed with the following output:
Change Dir: /home/ros/EE5900_Repos/EE5900-Proj1-Group4/djchopp/Tutorial/catkin_ws/build/CMakeFiles/CMakeTmp

Run Build Command:/usr/bin/make "cmTryCompileExec1527656610/fast"
/usr/bin/make -f CMakeFiles/cmTryCompileExec1527656610.dir/build.make CMakeFiles/cmTryCompileExec1527656610.dir/build
make[1]: Entering directory `/home/ros/EE5900_Repos/EE5900-Proj1-Group4/djchopp/Tutorial/catkin_ws/build/CMakeFiles/CMakeTmp'
/usr/bin/cmake -E cmake_progress_report /home/ros/EE5900_Repos/EE5900-Proj1-Group4/djchopp/Tutorial/catkin_ws/build/CMakeFiles/CMakeTmp/CMakeFiles 1
Building C object CMakeFiles/cmTryCompileExec1527656610.dir/CheckFunctionExists.c.o
/usr/bin/cc   -DCHECK_FUNCTION_EXISTS=pthread_create   -o CMakeFiles/cmTryCompileExec1527656610.dir/CheckFunctionExists.c.o   -c /usr/share/cmake-2.8/Modules/CheckFunctionExists.c
Linking C executable cmTryCompileExec1527656610
/usr/bin/cmake -E cmake_link_script CMakeFiles/cmTryCompileExec1527656610.dir/link.txt --verbose=1
/usr/bin/cc   -DCHECK_FUNCTION_EXISTS=pthread_create    CMakeFiles/cmTryCompileExec1527656610.dir/CheckFunctionExists.c.o  -o cmTryCompileExec1527656610 -rdynamic -lpthreads 
/usr/bin/ld: cannot find -lpthreads
collect2: error: ld returned 1 exit status
make[1]: *** [cmTryCompileExec1527656610] Error 1
make[1]: Leaving directory `/home/ros/EE5900_Repos/EE5900-Proj1-Group4/djchopp/Tutorial/catkin_ws/build/CMakeFiles/CMakeTmp'
make: *** [cmTryCompileExec1527656610/fast] Error 2


