Determining if the pthread_create exist failed with the following output:
Change Dir: /home/ros/EE5900_Repos/EE5900-Proj1-Group4/spalania/assignment1/pub_sub_python/build/CMakeFiles/CMakeTmp

Run Build Command:/usr/bin/make "cmTryCompileExec970594143/fast"
/usr/bin/make -f CMakeFiles/cmTryCompileExec970594143.dir/build.make CMakeFiles/cmTryCompileExec970594143.dir/build
make[1]: Entering directory `/home/ros/EE5900_Repos/EE5900-Proj1-Group4/spalania/assignment1/pub_sub_python/build/CMakeFiles/CMakeTmp'
/usr/bin/cmake -E cmake_progress_report /home/ros/EE5900_Repos/EE5900-Proj1-Group4/spalania/assignment1/pub_sub_python/build/CMakeFiles/CMakeTmp/CMakeFiles 1
Building C object CMakeFiles/cmTryCompileExec970594143.dir/CheckSymbolExists.c.o
/usr/bin/cc    -o CMakeFiles/cmTryCompileExec970594143.dir/CheckSymbolExists.c.o   -c /home/ros/EE5900_Repos/EE5900-Proj1-Group4/spalania/assignment1/pub_sub_python/build/CMakeFiles/CMakeTmp/CheckSymbolExists.c
Linking C executable cmTryCompileExec970594143
/usr/bin/cmake -E cmake_link_script CMakeFiles/cmTryCompileExec970594143.dir/link.txt --verbose=1
/usr/bin/cc       CMakeFiles/cmTryCompileExec970594143.dir/CheckSymbolExists.c.o  -o cmTryCompileExec970594143 -rdynamic 
CMakeFiles/cmTryCompileExec970594143.dir/CheckSymbolExists.c.o: In function `main':
CheckSymbolExists.c:(.text+0xa): undefined reference to `pthread_create'
collect2: error: ld returned 1 exit status
make[1]: Leaving directory `/home/ros/EE5900_Repos/EE5900-Proj1-Group4/spalania/assignment1/pub_sub_python/build/CMakeFiles/CMakeTmp'
make[1]: *** [cmTryCompileExec970594143] Error 1
make: *** [cmTryCompileExec970594143/fast] Error 2

File /home/ros/EE5900_Repos/EE5900-Proj1-Group4/spalania/assignment1/pub_sub_python/build/CMakeFiles/CMakeTmp/CheckSymbolExists.c:
/* */
#include <pthread.h>

int main(int argc, char** argv)
{
  (void)argv;
#ifndef pthread_create
  return ((int*)(&pthread_create))[argc];
#else
  (void)argc;
  return 0;
#endif
}

Determining if the function pthread_create exists in the pthreads failed with the following output:
Change Dir: /home/ros/EE5900_Repos/EE5900-Proj1-Group4/spalania/assignment1/pub_sub_python/build/CMakeFiles/CMakeTmp

Run Build Command:/usr/bin/make "cmTryCompileExec793460342/fast"
/usr/bin/make -f CMakeFiles/cmTryCompileExec793460342.dir/build.make CMakeFiles/cmTryCompileExec793460342.dir/build
make[1]: Entering directory `/home/ros/EE5900_Repos/EE5900-Proj1-Group4/spalania/assignment1/pub_sub_python/build/CMakeFiles/CMakeTmp'
/usr/bin/cmake -E cmake_progress_report /home/ros/EE5900_Repos/EE5900-Proj1-Group4/spalania/assignment1/pub_sub_python/build/CMakeFiles/CMakeTmp/CMakeFiles 1
Building C object CMakeFiles/cmTryCompileExec793460342.dir/CheckFunctionExists.c.o
/usr/bin/cc   -DCHECK_FUNCTION_EXISTS=pthread_create   -o CMakeFiles/cmTryCompileExec793460342.dir/CheckFunctionExists.c.o   -c /usr/share/cmake-2.8/Modules/CheckFunctionExists.c
Linking C executable cmTryCompileExec793460342
/usr/bin/cmake -E cmake_link_script CMakeFiles/cmTryCompileExec793460342.dir/link.txt --verbose=1
/usr/bin/cc   -DCHECK_FUNCTION_EXISTS=pthread_create    CMakeFiles/cmTryCompileExec793460342.dir/CheckFunctionExists.c.o  -o cmTryCompileExec793460342 -rdynamic -lpthreads 
/usr/bin/ld: cannot find -lpthreads
collect2: error: ld returned 1 exit status
make[1]: *** [cmTryCompileExec793460342] Error 1
make[1]: Leaving directory `/home/ros/EE5900_Repos/EE5900-Proj1-Group4/spalania/assignment1/pub_sub_python/build/CMakeFiles/CMakeTmp'
make: *** [cmTryCompileExec793460342/fast] Error 2


